{"name":"Log","hostname":"nginx-intranet-server","pid":17142,"level":30,"msg":"Creating table: posts ","time":"2018-11-29T17:03:40.860Z","v":0}
{"name":"Log","hostname":"nginx-intranet-server","pid":17142,"level":30,"msg":"Creating table: users ","time":"2018-11-29T17:03:41.114Z","v":0}
{"name":"Log","hostname":"nginx-intranet-server","pid":17142,"level":30,"msg":"Creating table: posts_authors ","time":"2018-11-29T17:03:41.426Z","v":0}
{"name":"Log","hostname":"nginx-intranet-server","pid":17142,"level":30,"msg":"Creating table: roles ","time":"2018-11-29T17:03:41.985Z","v":0}
{"name":"Log","hostname":"nginx-intranet-server","pid":17142,"level":30,"msg":"Creating table: roles_users ","time":"2018-11-29T17:03:42.220Z","v":0}
{"name":"Log","hostname":"nginx-intranet-server","pid":17142,"level":30,"msg":"Creating table: permissions ","time":"2018-11-29T17:03:42.399Z","v":0}
{"name":"Log","hostname":"nginx-intranet-server","pid":17142,"level":30,"msg":"Creating table: permissions_users ","time":"2018-11-29T17:03:43.159Z","v":0}
{"name":"Log","hostname":"nginx-intranet-server","pid":17142,"level":30,"msg":"Creating table: permissions_roles ","time":"2018-11-29T17:03:43.339Z","v":0}
{"name":"Log","hostname":"nginx-intranet-server","pid":17142,"level":30,"msg":"Creating table: permissions_apps ","time":"2018-11-29T17:03:43.522Z","v":0}
{"name":"Log","hostname":"nginx-intranet-server","pid":17142,"level":30,"msg":"Creating table: settings ","time":"2018-11-29T17:03:43.699Z","v":0}
{"name":"Log","hostname":"nginx-intranet-server","pid":17142,"level":30,"msg":"Creating table: tags ","time":"2018-11-29T17:03:43.948Z","v":0}
{"name":"Log","hostname":"nginx-intranet-server","pid":17142,"level":30,"msg":"Creating table: posts_tags ","time":"2018-11-29T17:03:44.191Z","v":0}
{"name":"Log","hostname":"nginx-intranet-server","pid":17142,"level":30,"msg":"Creating table: apps ","time":"2018-11-29T17:03:44.734Z","v":0}
{"name":"Log","hostname":"nginx-intranet-server","pid":17142,"level":30,"msg":"Creating table: app_settings ","time":"2018-11-29T17:03:45.039Z","v":0}
{"name":"Log","hostname":"nginx-intranet-server","pid":17142,"level":30,"msg":"Creating table: app_fields ","time":"2018-11-29T17:03:45.462Z","v":0}
{"name":"Log","hostname":"nginx-intranet-server","pid":17142,"level":30,"msg":"Creating table: clients ","time":"2018-11-29T17:03:45.819Z","v":0}
{"name":"Log","hostname":"nginx-intranet-server","pid":17142,"level":30,"msg":"Creating table: client_trusted_domains ","time":"2018-11-29T17:03:46.116Z","v":0}
{"name":"Log","hostname":"nginx-intranet-server","pid":17142,"level":30,"msg":"Creating table: accesstokens ","time":"2018-11-29T17:03:46.481Z","v":0}
{"name":"Log","hostname":"nginx-intranet-server","pid":17142,"level":30,"msg":"Creating table: refreshtokens ","time":"2018-11-29T17:03:47.098Z","v":0}
{"name":"Log","hostname":"nginx-intranet-server","pid":17142,"level":30,"msg":"Creating table: subscribers ","time":"2018-11-29T17:03:47.754Z","v":0}
{"name":"Log","hostname":"nginx-intranet-server","pid":17142,"level":30,"msg":"Creating table: invites ","time":"2018-11-29T17:03:47.995Z","v":0}
{"name":"Log","hostname":"nginx-intranet-server","pid":17142,"level":30,"msg":"Creating table: brute ","time":"2018-11-29T17:03:48.301Z","v":0}
{"name":"Log","hostname":"nginx-intranet-server","pid":17142,"level":30,"msg":"Creating table: webhooks ","time":"2018-11-29T17:03:48.368Z","v":0}
{"name":"Log","hostname":"nginx-intranet-server","pid":17142,"level":30,"msg":"Creating table: sessions ","time":"2018-11-29T17:03:48.543Z","v":0}
{"name":"Log","hostname":"nginx-intranet-server","pid":17142,"level":30,"msg":"Creating table: integrations ","time":"2018-11-29T17:03:48.794Z","v":0}
{"name":"Log","hostname":"nginx-intranet-server","pid":17142,"level":30,"msg":"Creating table: api_keys ","time":"2018-11-29T17:03:49.043Z","v":0}
{"name":"Log","hostname":"nginx-intranet-server","pid":17142,"level":30,"msg":"Creating table: mobiledoc_revisions ","time":"2018-11-29T17:03:49.278Z","v":0}
{"name":"Log","hostname":"nginx-intranet-server","pid":17142,"level":30,"msg":"Model: Tag ","time":"2018-11-29T17:03:49.526Z","v":0}
{"name":"Log","hostname":"nginx-intranet-server","pid":17142,"level":30,"msg":"Model: Client ","time":"2018-11-29T17:03:49.544Z","v":0}
{"name":"Log","hostname":"nginx-intranet-server","pid":17142,"level":30,"msg":"Model: Role ","time":"2018-11-29T17:03:49.556Z","v":0}
{"name":"Log","hostname":"nginx-intranet-server","pid":17142,"level":30,"msg":"Model: Permission ","time":"2018-11-29T17:03:49.572Z","v":0}
{"name":"Log","hostname":"nginx-intranet-server","pid":17142,"level":30,"msg":"Model: User ","time":"2018-11-29T17:03:49.726Z","v":0}
{"name":"Log","hostname":"nginx-intranet-server","pid":17142,"level":30,"msg":"Model: Post ","time":"2018-11-29T17:03:50.302Z","v":0}
{"name":"Log","hostname":"nginx-intranet-server","pid":17142,"level":30,"msg":"Relation: Role to Permission ","time":"2018-11-29T17:03:50.551Z","v":0}
{"name":"Log","hostname":"nginx-intranet-server","pid":17142,"level":30,"msg":"Relation: Post to Tag ","time":"2018-11-29T17:03:50.764Z","v":0}
{"name":"Log","hostname":"nginx-intranet-server","pid":17142,"level":30,"msg":"Relation: User to Role ","time":"2018-11-29T17:03:50.791Z","v":0}
{"name":"Log","hostname":"nginx-intranet-server","pid":17142,"level":40,"msg":"Theme's file locales/en.json not found. ","time":"2018-11-29T17:03:51.534Z","v":0}
{"name":"Log","hostname":"nginx-intranet-server","pid":17142,"level":30,"msg":"Ghost is running in production... ","time":"2018-11-29T17:03:51.855Z","v":0}
{"name":"Log","hostname":"nginx-intranet-server","pid":17142,"level":30,"msg":"Your blog is now available on http://192.168.101.23:2368/ ","time":"2018-11-29T17:03:51.856Z","v":0}
{"name":"Log","hostname":"nginx-intranet-server","pid":17142,"level":30,"msg":"Ctrl+C to shut down ","time":"2018-11-29T17:03:51.857Z","v":0}
{"name":"Log","hostname":"nginx-intranet-server","pid":17142,"level":30,"msg":"Ghost boot 12.689s ","time":"2018-11-29T17:03:51.861Z","v":0}
{"name":"Log","hostname":"nginx-intranet-server","pid":17142,"level":30,"msg":"Bootstrap client was closed. ","time":"2018-11-29T17:03:51.862Z","v":0}
